<?xml version="1.0" encoding="UTF-8"?>
<!-- Generated by org.testng.reporters.JUnitReportReporter -->
<testsuite hostname="CTAADPG038QFG" failures="0" tests="1" name="api.test.TestCreateTweetEndpoint" time="3.345" errors="0" timestamp="2025-01-24T13:17:06 IST" skipped="0">
  <testcase classname="api.test.TestCreateTweetEndpoint" name="testCreateTweet" time="3.345"/>
</testsuite> <!-- api.test.TestCreateTweetEndpoint -->
