<?xml version="1.0" encoding="UTF-8"?>
<!-- Generated by org.testng.reporters.JUnitReportReporter -->
<testsuite hostname="CTAADPG038QFG" failures="0" tests="1" name="api.test.GenerateBearearTokenTest" time="1.371" errors="0" timestamp="2025-01-09T00:20:32 IST" skipped="0">
  <testcase classname="api.test.GenerateBearearTokenTest" name="generatBearerToken" time="1.371"/>
</testsuite> <!-- api.test.GenerateBearearTokenTest -->
