<?xml version="1.0" encoding="UTF-8"?>
<!-- Generated by org.testng.reporters.JUnitReportReporter -->
<testsuite hostname="CTAADPG038QFG" failures="0" tests="2" name="api.test.TestGetTweetEndpoint" time="1.272" errors="0" timestamp="2025-01-24T13:17:06 IST" skipped="0">
  <testcase classname="api.test.TestGetTweetEndpoint" name="testGetATweetDetails" time="0.668"/>
  <testcase classname="api.test.TestGetTweetEndpoint" name="testGetAllTweets" time="0.604"/>
</testsuite> <!-- api.test.TestGetTweetEndpoint -->
