<?xml version="1.0" encoding="UTF-8"?>
<!-- Generated by org.testng.reporters.JUnitReportReporter -->
<testsuite hostname="CTAADPG038QFG" failures="0" tests="1" name="com.practice.restassured.GetResponseBody" time="1.363" errors="0" timestamp="2025-01-04T13:41:09 IST" skipped="0">
  <testcase classname="com.practice.restassured.GetResponseBody" name="getResponseBodyTest" time="1.363"/>
</testsuite> <!-- com.practice.restassured.GetResponseBody -->
