<?xml version="1.0" encoding="UTF-8"?>
<!-- Generated by org.testng.reporters.JUnitReportReporter -->
<testsuite hostname="CTAADPG038QFG" failures="0" tests="1" name="api.test.GetProfileDetailsTest" time="2.111" errors="0" timestamp="2025-01-04T23:26:29 IST" skipped="0">
  <testcase classname="api.test.GetProfileDetailsTest" name="testGetProfileDetails" time="2.111"/>
</testsuite> <!-- api.test.GetProfileDetailsTest -->
