<?xml version="1.0" encoding="UTF-8"?>
<!-- Generated by org.testng.reporters.JUnitReportReporter -->
<testsuite hostname="CTAADPG038QFG" failures="0" tests="1" name="api.test.UserManagementTest" time="24.065" errors="0" timestamp="2025-01-09T00:20:32 IST" skipped="0">
  <testcase classname="api.test.UserManagementTest" name="testGetUserProfileDetails" time="24.065"/>
</testsuite> <!-- api.test.UserManagementTest -->
