<?xml version="1.0" encoding="UTF-8"?>
<!-- Generated by org.testng.reporters.JUnitReportReporter -->
<testsuite hostname="CTAADPG038QFG" failures="0" tests="1" name="api.test.TestPostsEndpoint" time="3.265" errors="0" timestamp="2024-10-28T20:06:37 IST" skipped="0">
  <testcase classname="api.test.TestPostsEndpoint" name="testCreateUser" time="3.265"/>
</testsuite> <!-- api.test.TestPostsEndpoint -->
